=====================================
时间:2016/1/5 23:00:39
内容:Application_Start：已启动定时计划。
=====================================
=====================================
时间:2016/1/5 23:28:03
内容:Application_Start：已启动定时计划。
=====================================
=====================================
时间:2016/1/5 23:28:09
内容:Application_Start：已启动定时计划。
=====================================
=====================================
时间:2016/1/5 23:28:11
内容:Application_Start：已启动定时计划。
=====================================
=====================================
时间:2016/1/6 23:19:05
内容:Application_Start：已启动定时计划。
=====================================
=====================================
时间:2016/1/6 23:39:49
内容:Application_Start：已启动定时计划。
=====================================
=====================================
时间:2016/1/6 23:58:04
内容:定时器正执行指定任务...
=====================================
=====================================
时间:2016/1/6 23:58:05
内容:任务执行完毕。结果：核算成功。
=====================================
=====================================
时间:2016/1/9 14:49:42
内容:Application_Start：已启动定时计划。
=====================================
