=====================================
时间:2015-11-3 15:56:52
内容:Application_Start：已启动定时计划。
=====================================
=====================================
时间:2015-11-3 16:34:53
内容:Application_Start：已启动定时计划。
=====================================
=====================================
时间:2015-11-3 22:22:02
内容:Application_Start：已启动定时计划。
=====================================
=====================================
时间:2015-11-3 22:27:43
内容:Application_Start：已启动定时计划。
=====================================
=====================================
时间:2015-11-3 22:28:13
内容:Application_Start：已启动定时计划。
=====================================
=====================================
时间:2015-11-3 22:30:36
内容:Application_Start：已启动定时计划。
=====================================
=====================================
时间:2015-11-3 23:11:16
内容:Application_Start：已启动定时计划。
=====================================
=====================================
时间:2015-11-3 23:58:00
内容:定时器正执行指定任务...
=====================================
=====================================
时间:2015-11-3 23:58:01
内容:任务执行完毕。结果：核算成功。
=====================================
=====================================
时间:2015-11-4 0:37:44
内容:Application_Start：已启动定时计划。
=====================================
=====================================
时间:2015-11-4 0:42:27
内容:Application_Start：已启动定时计划。
=====================================
=====================================
时间:2015-11-4 8:12:03
内容:Application_Start：已启动定时计划。
=====================================
=====================================
时间:2015-11-4 10:01:19
内容:Application_Start：已启动定时计划。
=====================================
=====================================
时间:2015-11-4 18:05:14
内容:Application_Start：已启动定时计划。
=====================================
=====================================
时间:2015-11-4 19:15:40
内容:Application_Start：已启动定时计划。
=====================================
=====================================
时间:2015-11-5 8:10:53
内容:Application_Start：已启动定时计划。
=====================================
=====================================
时间:2015-11-5 14:50:36
内容:Application_Start：已启动定时计划。
=====================================
=====================================
时间:2015-11-5 22:26:45
内容:Application_Start：已启动定时计划。
=====================================
=====================================
时间:2015-11-6 11:04:33
内容:Application_Start：已启动定时计划。
=====================================
=====================================
时间:2015-11-6 17:43:36
内容:Application_Start：已启动定时计划。
=====================================
=====================================
时间:2015-11-6 17:59:54
内容:Application_Start：已启动定时计划。
=====================================
=====================================
时间:2015-11-6 18:17:07
内容:Application_Start：已启动定时计划。
=====================================
=====================================
时间:2015-11-6 18:30:42
内容:Application_Start：已启动定时计划。
=====================================
=====================================
时间:2015-11-6 18:38:24
内容:Application_Start：已启动定时计划。
=====================================
=====================================
时间:2015-11-6 18:46:54
内容:Application_Start：已启动定时计划。
=====================================
=====================================
时间:2015-11-6 19:51:32
内容:Application_Start：已启动定时计划。
=====================================
=====================================
时间:2015-11-6 19:54:44
内容:Application_Start：已启动定时计划。
=====================================
=====================================
时间:2015-11-6 20:15:09
内容:Application_Start：已启动定时计划。
=====================================
=====================================
时间:2015-11-6 20:18:02
内容:Application_Start：已启动定时计划。
=====================================
=====================================
时间:2015-11-6 20:22:41
内容:Application_Start：已启动定时计划。
=====================================
=====================================
时间:2015-11-6 20:28:21
内容:Application_Start：已启动定时计划。
=====================================
=====================================
时间:2015-11-6 20:38:46
内容:Application_Start：已启动定时计划。
=====================================
=====================================
时间:2015-11-6 20:41:32
内容:Application_Start：已启动定时计划。
=====================================
=====================================
时间:2015-11-6 20:44:39
内容:Application_Start：已启动定时计划。
=====================================
=====================================
时间:2015-11-6 20:48:02
内容:Application_Start：已启动定时计划。
=====================================
=====================================
时间:2015-11-6 21:09:03
内容:Application_Start：已启动定时计划。
=====================================
=====================================
时间:2015-11-6 21:20:31
内容:Application_Start：已启动定时计划。
=====================================
=====================================
时间:2015-11-8 11:19:42
内容:Application_Start：已启动定时计划。
=====================================
